<?xml version="1.0" encoding="UTF-8"?>
<testng-results ignored="0" total="1" passed="1" failed="0" skipped="0">
  <reporter-output>
  </reporter-output>
  <suite started-at="2022-05-03T15:07:29 IST" name="Suite" finished-at="2022-05-03T15:08:24 IST" duration-ms="55171">
    <groups>
    </groups>
    <test started-at="2022-05-03T15:07:29 IST" name="Test" finished-at="2022-05-03T15:08:24 IST" duration-ms="55171">
      <class name="ThinkBridge.FilightSearch.User_Signup_Test">
        <test-method is-config="true" signature="initialize()[pri:0, instance:ThinkBridge.FilightSearch.User_Signup_Test@1817d444]" started-at="2022-05-03T15:07:29 IST" name="initialize" finished-at="2022-05-03T15:08:11 IST" duration-ms="41891" status="PASS">
          <reporter-output>
          </reporter-output>
        </test-method> <!-- initialize -->
        <test-method signature="flightSearchSignUp()[pri:0, instance:ThinkBridge.FilightSearch.User_Signup_Test@1817d444]" started-at="2022-05-03T15:08:12 IST" name="flightSearchSignUp" finished-at="2022-05-03T15:08:23 IST" duration-ms="10715" status="PASS">
          <reporter-output>
          </reporter-output>
        </test-method> <!-- flightSearchSignUp -->
        <test-method is-config="true" signature="tearDown()[pri:0, instance:ThinkBridge.FilightSearch.User_Signup_Test@1817d444]" started-at="2022-05-03T15:08:23 IST" name="tearDown" finished-at="2022-05-03T15:08:24 IST" duration-ms="1893" status="PASS">
          <reporter-output>
          </reporter-output>
        </test-method> <!-- tearDown -->
      </class> <!-- ThinkBridge.FilightSearch.User_Signup_Test -->
    </test> <!-- Test -->
  </suite> <!-- Suite -->
</testng-results>
