<?xml version="1.0" encoding="UTF-8"?>
<testng-results ignored="0" total="1" passed="1" failed="0" skipped="0">
  <reporter-output>
  </reporter-output>
  <suite started-at="2022-05-03T16:48:35 IST" name="Default suite" finished-at="2022-05-03T16:50:01 IST" duration-ms="86414">
    <groups>
    </groups>
    <test started-at="2022-05-03T16:48:35 IST" name="Default test" finished-at="2022-05-03T16:50:01 IST" duration-ms="86414">
      <class name="org.thinkbridge.filightsearch.User_Signup_Test">
        <test-method is-config="true" signature="initialize()[pri:0, instance:org.thinkbridge.filightsearch.User_Signup_Test@37afeb11]" started-at="2022-05-03T16:48:35 IST" name="initialize" finished-at="2022-05-03T16:49:39 IST" duration-ms="64439" status="PASS">
          <reporter-output>
          </reporter-output>
        </test-method> <!-- initialize -->
        <test-method signature="flightSearchSignUp()[pri:0, instance:org.thinkbridge.filightsearch.User_Signup_Test@37afeb11]" started-at="2022-05-03T16:49:39 IST" name="flightSearchSignUp" finished-at="2022-05-03T16:49:58 IST" duration-ms="18938" status="PASS">
          <reporter-output>
          </reporter-output>
        </test-method> <!-- flightSearchSignUp -->
        <test-method is-config="true" signature="tearDown()[pri:0, instance:org.thinkbridge.filightsearch.User_Signup_Test@37afeb11]" started-at="2022-05-03T16:49:58 IST" name="tearDown" finished-at="2022-05-03T16:50:01 IST" duration-ms="2809" status="PASS">
          <reporter-output>
          </reporter-output>
        </test-method> <!-- tearDown -->
      </class> <!-- org.thinkbridge.filightsearch.User_Signup_Test -->
    </test> <!-- Default test -->
  </suite> <!-- Default suite -->
</testng-results>
